<?xml version="1.1" encoding="UTF-8"?>
<testsuite name="com.thoughtworks.orm.SimpleMappingTest" tests="5" failures="0" errors="0" timestamp="1970-01-01T00:00:00" hostname="Nicholas-Rens-MBP.local" time="1.367922124249E9">
  <properties/>
  <testcase name="should_find_object_by_id" classname="com.thoughtworks.orm.SimpleMappingTest" time="0.031"/>
  <testcase name="should_find_by_condition" classname="com.thoughtworks.orm.SimpleMappingTest" time="0.022"/>
  <testcase name="should_delete_object_by_id" classname="com.thoughtworks.orm.SimpleMappingTest" time="0.016"/>
  <testcase name="should_update_object" classname="com.thoughtworks.orm.SimpleMappingTest" time="0.034"/>
  <testcase name="should_insert_object_to_database" classname="com.thoughtworks.orm.SimpleMappingTest" time="0.019"/>
  <system-out><![CDATA[SELECT * FROM pets WHERE id = ?
SELECT * FROM pets WHERE person_id = ?
SELECT * FROM pets WHERE id = ?
SELECT * FROM pets WHERE id = ?
SELECT * FROM pets WHERE id = ?
UPDATE pets SET age = ? ,gender = ? ,name = ?  WHERE id = 1
SELECT * FROM pets WHERE id = ?
INSERT INTO pets (age,gender,id,name) VALUES(?,?,?,?)
SELECT * FROM pets WHERE id = ?
]]></system-out>
  <system-err><![CDATA[]]></system-err>
</testsuite>
