<?xml version="1.1" encoding="UTF-8"?>
<testsuite name="com.thoughtworks.orm.SimpleMappingTest" tests="7" failures="0" errors="0" timestamp="1970-01-01T00:00:00" hostname="TWers-MacBook-Pro-9.local" time="1.367974409522E9">
  <properties/>
  <testcase name="should_return_all" classname="com.thoughtworks.orm.SimpleMappingTest" time="0.025"/>
  <testcase name="should_find_object_by_id" classname="com.thoughtworks.orm.SimpleMappingTest" time="0.019"/>
  <testcase name="should_find_by_condition" classname="com.thoughtworks.orm.SimpleMappingTest" time="0.02"/>
  <testcase name="should_delete_object_by_id" classname="com.thoughtworks.orm.SimpleMappingTest" time="0.019"/>
  <testcase name="should_update_object" classname="com.thoughtworks.orm.SimpleMappingTest" time="0.03"/>
  <testcase name="should_insert_object_to_database" classname="com.thoughtworks.orm.SimpleMappingTest" time="0.014"/>
  <testcase name="should_query_records_by_criteria" classname="com.thoughtworks.orm.SimpleMappingTest" time="0.018"/>
  <system-out><![CDATA[SELECT * FROM pets
SELECT * FROM pets WHERE id = ?
SELECT * FROM pets WHERE person_id = ?
SELECT * FROM pets WHERE id = ?
DELETE FROM pets WHERE id = 1
SELECT * FROM pets WHERE id = ?
SELECT * FROM pets WHERE id = ?
UPDATE pets SET age = ? ,gender = ? ,name = ?  WHERE id = 1
SELECT * FROM pets WHERE id = ?
INSERT INTO pets (age,gender,id,name) VALUES(?,?,?,?)
SELECT * FROM pets WHERE id = ?
SELECT * FROM pets WHERE age = ? and name = ?
]]></system-out>
  <system-err><![CDATA[]]></system-err>
</testsuite>
